2017-01-04T17:05:43-02:00 [Routes][INFO ] - ./Controller/SistemaController.php
2017-01-04T17:06:01-02:00 [Routes][INFO ] - ./Controller/SistemaController.php
2017-01-04T17:06:18-02:00 [Routes][INFO ] - ./Controller/SistemaController.php
2017-01-04T17:06:24-02:00 [Routes][INFO ] - ./Controller/SistemaController.php
2017-01-04T17:06:29-02:00 [Routes][INFO ] - ./Controller/SistemaController.php
2017-01-04T17:06:34-02:00 [Routes][INFO ] - ./Controller/SistemaController.php
2017-01-04T17:06:39-02:00 [Routes][INFO ] - ./Controller/SistemaController.php
2017-01-04T17:06:44-02:00 [Routes][INFO ] - ./Controller/SistemaController.php
2017-01-04T17:06:49-02:00 [Routes][INFO ] - ./Controller/SistemaController.php
2017-01-04T17:06:54-02:00 [Routes][INFO ] - ./Controller/SistemaController.php
2017-01-04T17:06:59-02:00 [Routes][INFO ] - ./Controller/SistemaController.php
2017-01-04T17:07:04-02:00 [Routes][INFO ] - ./Controller/SistemaController.php
2017-01-04T17:07:09-02:00 [Routes][INFO ] - ./Controller/SistemaController.php
2017-01-04T17:07:14-02:00 [Routes][INFO ] - ./Controller/SistemaController.php
2017-01-04T17:07:19-02:00 [Routes][INFO ] - ./Controller/SistemaController.php
2017-01-04T17:07:24-02:00 [Routes][INFO ] - ./Controller/SistemaController.php
2017-01-04T17:07:29-02:00 [Routes][INFO ] - ./Controller/SistemaController.php
2017-01-04T17:07:34-02:00 [Routes][INFO ] - ./Controller/SistemaController.php
2017-01-04T17:07:39-02:00 [Routes][INFO ] - ./Controller/SistemaController.php
2017-01-04T17:07:44-02:00 [Routes][INFO ] - ./Controller/SistemaController.php
2017-01-04T17:07:49-02:00 [Routes][INFO ] - ./Controller/SistemaController.php
2017-01-04T17:07:54-02:00 [Routes][INFO ] - ./Controller/SistemaController.php
2017-01-04T17:07:59-02:00 [Routes][INFO ] - ./Controller/SistemaController.php
2017-01-04T17:08:04-02:00 [Routes][INFO ] - ./Controller/SistemaController.php
2017-01-04T17:08:09-02:00 [Routes][INFO ] - ./Controller/SistemaController.php
2017-01-04T17:08:14-02:00 [Routes][INFO ] - ./Controller/SistemaController.php
2017-01-04T17:08:19-02:00 [Routes][INFO ] - ./Controller/SistemaController.php
2017-01-04T17:08:24-02:00 [Routes][INFO ] - ./Controller/SistemaController.php
2017-01-04T17:08:29-02:00 [Routes][INFO ] - ./Controller/SistemaController.php
2017-01-04T17:08:34-02:00 [Routes][INFO ] - ./Controller/SistemaController.php
2017-01-04T17:08:39-02:00 [Routes][INFO ] - ./Controller/SistemaController.php
2017-01-04T17:08:44-02:00 [Routes][INFO ] - ./Controller/SistemaController.php
2017-01-04T17:08:49-02:00 [Routes][INFO ] - ./Controller/SistemaController.php
2017-01-04T17:08:54-02:00 [Routes][INFO ] - ./Controller/SistemaController.php
2017-01-04T17:08:59-02:00 [Routes][INFO ] - ./Controller/SistemaController.php
2017-01-04T17:09:04-02:00 [Routes][INFO ] - ./Controller/SistemaController.php
2017-01-04T17:09:09-02:00 [Routes][INFO ] - ./Controller/SistemaController.php
2017-01-04T17:09:14-02:00 [Routes][INFO ] - ./Controller/SistemaController.php
2017-01-04T17:09:19-02:00 [Routes][INFO ] - ./Controller/SistemaController.php
2017-01-04T17:09:24-02:00 [Routes][INFO ] - ./Controller/SistemaController.php
2017-01-04T17:09:29-02:00 [Routes][INFO ] - ./Controller/SistemaController.php
2017-01-04T17:09:34-02:00 [Routes][INFO ] - ./Controller/SistemaController.php
2017-01-04T17:09:39-02:00 [Routes][INFO ] - ./Controller/SistemaController.php
2017-01-04T17:09:44-02:00 [Routes][INFO ] - ./Controller/SistemaController.php
2017-01-04T17:09:49-02:00 [Routes][INFO ] - ./Controller/SistemaController.php
2017-01-04T17:09:54-02:00 [Routes][INFO ] - ./Controller/SistemaController.php
2017-01-04T17:09:59-02:00 [Routes][INFO ] - ./Controller/SistemaController.php
2017-01-04T17:10:04-02:00 [Routes][INFO ] - ./Controller/SistemaController.php
2017-01-04T17:10:09-02:00 [Routes][INFO ] - ./Controller/SistemaController.php
2017-01-04T17:10:14-02:00 [Routes][INFO ] - ./Controller/SistemaController.php
2017-01-04T17:10:19-02:00 [Routes][INFO ] - ./Controller/SistemaController.php
2017-01-04T17:10:24-02:00 [Routes][INFO ] - ./Controller/SistemaController.php
2017-01-04T17:10:29-02:00 [Routes][INFO ] - ./Controller/SistemaController.php
2017-01-04T17:10:34-02:00 [Routes][INFO ] - ./Controller/SistemaController.php
2017-01-04T17:10:39-02:00 [Routes][INFO ] - ./Controller/SistemaController.php
2017-01-04T17:10:44-02:00 [Routes][INFO ] - ./Controller/SistemaController.php
2017-01-04T17:10:49-02:00 [Routes][INFO ] - ./Controller/SistemaController.php
2017-01-04T17:10:54-02:00 [Routes][INFO ] - ./Controller/SistemaController.php
2017-01-04T17:10:59-02:00 [Routes][INFO ] - ./Controller/SistemaController.php
2017-01-04T17:11:04-02:00 [Routes][INFO ] - ./Controller/SistemaController.php
2017-01-04T17:11:09-02:00 [Routes][INFO ] - ./Controller/SistemaController.php
2017-01-04T17:11:14-02:00 [Routes][INFO ] - ./Controller/SistemaController.php
2017-01-04T17:11:19-02:00 [Routes][INFO ] - ./Controller/SistemaController.php
2017-01-04T17:11:24-02:00 [Routes][INFO ] - ./Controller/SistemaController.php
2017-01-04T17:11:29-02:00 [Routes][INFO ] - ./Controller/SistemaController.php
2017-01-04T17:11:34-02:00 [Routes][INFO ] - ./Controller/SistemaController.php
2017-01-04T17:11:39-02:00 [Routes][INFO ] - ./Controller/SistemaController.php
2017-01-04T17:11:44-02:00 [Routes][INFO ] - ./Controller/SistemaController.php
2017-01-04T17:11:49-02:00 [Routes][INFO ] - ./Controller/SistemaController.php
2017-01-04T17:11:54-02:00 [Routes][INFO ] - ./Controller/SistemaController.php
2017-01-04T17:11:59-02:00 [Routes][INFO ] - ./Controller/SistemaController.php
2017-01-04T17:12:04-02:00 [Routes][INFO ] - ./Controller/SistemaController.php
2017-01-04T17:12:09-02:00 [Routes][INFO ] - ./Controller/SistemaController.php
2017-01-04T17:12:14-02:00 [Routes][INFO ] - ./Controller/SistemaController.php
2017-01-04T17:12:19-02:00 [Routes][INFO ] - ./Controller/SistemaController.php
2017-01-04T17:12:24-02:00 [Routes][INFO ] - ./Controller/SistemaController.php
2017-01-04T17:12:29-02:00 [Routes][INFO ] - ./Controller/SistemaController.php
2017-01-04T17:12:34-02:00 [Routes][INFO ] - ./Controller/SistemaController.php
2017-01-04T17:12:39-02:00 [Routes][INFO ] - ./Controller/SistemaController.php
2017-01-04T17:12:44-02:00 [Routes][INFO ] - ./Controller/SistemaController.php
2017-01-04T17:12:49-02:00 [Routes][INFO ] - ./Controller/SistemaController.php
2017-01-04T17:12:54-02:00 [Routes][INFO ] - ./Controller/SistemaController.php
2017-01-04T17:12:59-02:00 [Routes][INFO ] - ./Controller/SistemaController.php
2017-01-04T17:13:04-02:00 [Routes][INFO ] - ./Controller/SistemaController.php
2017-01-04T17:13:09-02:00 [Routes][INFO ] - ./Controller/SistemaController.php
2017-01-04T17:13:14-02:00 [Routes][INFO ] - ./Controller/SistemaController.php
2017-01-04T17:13:19-02:00 [Routes][INFO ] - ./Controller/SistemaController.php
2017-01-04T17:13:24-02:00 [Routes][INFO ] - ./Controller/SistemaController.php
2017-01-04T17:13:29-02:00 [Routes][INFO ] - ./Controller/SistemaController.php
2017-01-04T17:13:34-02:00 [Routes][INFO ] - ./Controller/SistemaController.php
2017-01-04T17:13:39-02:00 [Routes][INFO ] - ./Controller/SistemaController.php
2017-01-04T17:13:44-02:00 [Routes][INFO ] - ./Controller/SistemaController.php
2017-01-04T17:13:49-02:00 [Routes][INFO ] - ./Controller/SistemaController.php
2017-01-04T17:13:54-02:00 [Routes][INFO ] - ./Controller/SistemaController.php
2017-01-04T17:13:59-02:00 [Routes][INFO ] - ./Controller/SistemaController.php
2017-01-04T17:14:04-02:00 [Routes][INFO ] - ./Controller/SistemaController.php
2017-01-04T17:14:09-02:00 [Routes][INFO ] - ./Controller/SistemaController.php
2017-01-04T17:14:14-02:00 [Routes][INFO ] - ./Controller/SistemaController.php
2017-01-04T17:14:19-02:00 [Routes][INFO ] - ./Controller/SistemaController.php
2017-01-04T17:14:24-02:00 [Routes][INFO ] - ./Controller/SistemaController.php
2017-01-04T17:14:29-02:00 [Routes][INFO ] - ./Controller/SistemaController.php
2017-01-04T17:14:34-02:00 [Routes][INFO ] - ./Controller/SistemaController.php
2017-01-04T17:14:39-02:00 [Routes][INFO ] - ./Controller/SistemaController.php
2017-01-04T17:14:44-02:00 [Routes][INFO ] - ./Controller/SistemaController.php
2017-01-04T17:14:49-02:00 [Routes][INFO ] - ./Controller/SistemaController.php
2017-01-04T17:14:54-02:00 [Routes][INFO ] - ./Controller/SistemaController.php
2017-01-04T17:14:54-02:00 [Routes][INFO ] - ./Controller/ContatoController.php
2017-01-04T17:14:56-02:00 [Routes][INFO ] - ./Controller/ContatoController.php
2017-05-07T01:11:38-03:00 [Routes][INFO ] - ./Controller/LoginController.php
2017-05-07T01:11:47-03:00 [Routes][INFO ] - ./Controller/LoginController.php
2017-05-07T01:32:54-03:00 [Routes][INFO ] - ./Controller/LoginController.php
2017-05-07T01:44:30-03:00 [Routes][INFO ] - ./Controller/LoginController.php
2017-05-07T01:44:39-03:00 [Routes][INFO ] - ./Controller/LoginController.php
2017-05-07T01:44:48-03:00 [Routes][INFO ] - ./Controller/LoginController.php
2017-05-07T01:45:42-03:00 [Routes][INFO ] - ./Controller/LoginController.php
2017-05-07T01:45:43-03:00 [Routes][INFO ] - ./Controller/SistemaController.php
2017-05-07T01:45:47-03:00 [Routes][INFO ] - ./Controller/AssinaturaController.php
2017-05-07T01:45:47-03:00 [Service][INFO ] - Assinatura --- 1
2017-05-07T01:45:47-03:00 [Service][INFO ] - kelvin2
